#
# There is insufficient memory for the Java Runtime Environment to continue.
# Native memory allocation (malloc) failed to allocate 32744 bytes for ChunkPool::allocate
# Possible reasons:
#   The system is out of physical RAM or swap space
#   The process is running with CompressedOops enabled, and the Java Heap may be blocking the growth of the native heap
# Possible solutions:
#   Reduce memory load on the system
#   Increase physical memory or swap space
#   Check if swap backing store is full
#   Decrease Java heap size (-Xmx/-Xms)
#   Decrease number of Java threads
#   Decrease Java thread stack sizes (-Xss)
#   Set larger code cache with -XX:ReservedCodeCacheSize=
#   JVM is running with Unscaled Compressed Oops mode in which the Java heap is
#     placed in the first 4GB address space. The Java Heap base address is the
#     maximum limit for the native heap growth. Please use -XX:HeapBaseMinAddress
#     to set the Java Heap base and to place the Java Heap above 4GB virtual address.
# This output file may be truncated or incomplete.
#
#  Out of Memory Error (arena.cpp:79), pid=19536, tid=26712
#
# JRE version: OpenJDK Runtime Environment (17.0.9) (build 17.0.9+0--11185874)
# Java VM: OpenJDK 64-Bit Server VM (17.0.9+0--11185874, mixed mode, tiered, compressed oops, compressed class ptrs, g1 gc, windows-amd64)
# No core dump will be written. Minidumps are not enabled by default on client versions of Windows
#

---------------  S U M M A R Y ------------

Command Line: --add-opens=java.base/java.util=ALL-UNNAMED --add-opens=java.base/java.lang=ALL-UNNAMED --add-opens=java.base/java.lang.invoke=ALL-UNNAMED --add-opens=java.prefs/java.util.prefs=ALL-UNNAMED --add-opens=java.base/java.nio.charset=ALL-UNNAMED --add-opens=java.base/java.net=ALL-UNNAMED --add-opens=java.base/java.util.concurrent.atomic=ALL-UNNAMED -Xmx2048m -Dfile.encoding=UTF-8 -Duser.country=CO -Duser.language=es -Duser.variant -javaagent:C:\Users\jonat\Desktop\HACKATON\Hackaton\gradle\wrapper\dists\gradle-8.2-bin\bbg7u40eoinfdyxsxr3z4i7ta\gradle-8.2\lib\agents\gradle-instrumentation-agent-8.2.jar org.gradle.launcher.daemon.bootstrap.GradleDaemon 8.2

Host: Intel(R) Pentium(R) CPU 5405U @ 2.30GHz, 4 cores, 7G,  Windows 11 , 64 bit Build 22621 (10.0.22621.3374)
Time: Thu Apr 25 20:20:15 2024 Hora est. Pacífico, Sudamérica elapsed time: 88.654804 seconds (0d 0h 1m 28s)

---------------  T H R E A D  ---------------

Current thread (0x000001d07405ec80):  JavaThread "C1 CompilerThread0" daemon [_thread_in_native, id=26712, stack(0x0000009d68600000,0x0000009d68700000)]


Current CompileTask:
C1:  88655 2907   !   3       java.lang.invoke.MethodHandles$Lookup::canBeCached (150 bytes)

Stack: [0x0000009d68600000,0x0000009d68700000]
Native frames: (J=compiled Java code, j=interpreted, Vv=VM code, C=native code)
V  [jvm.dll+0x6886e9]
V  [jvm.dll+0x841e4a]
V  [jvm.dll+0x843a8e]
V  [jvm.dll+0x8440f3]
V  [jvm.dll+0x24c14f]
V  [jvm.dll+0xac66c]
V  [jvm.dll+0xaca9c]
V  [jvm.dll+0x11e9a5]
V  [jvm.dll+0x17c0cd]
V  [jvm.dll+0x17cca3]
V  [jvm.dll+0x137243]
V  [jvm.dll+0x136b4f]
V  [jvm.dll+0x136d86]
V  [jvm.dll+0x13621a]
V  [jvm.dll+0x137ed1]
V  [jvm.dll+0x22d088]
V  [jvm.dll+0x22b1c0]
V  [jvm.dll+0x7f62f7]
V  [jvm.dll+0x7f06aa]
V  [jvm.dll+0x687565]
C  [ucrtbase.dll+0x29333]
C  [KERNEL32.DLL+0x1257d]
C  [ntdll.dll+0x5aa48]


---------------  P R O C E S S  ---------------

Threads class SMR info:
_java_thread_list=0x000001d0748d9270, length=29, elements={
0x000001d05a8ee420, 0x000001d073e7fc70, 0x000001d074032170, 0x000001d073ee46b0,
0x000001d073ee5990, 0x000001d0740532f0, 0x000001d074053cb0, 0x000001d074055260,
0x000001d07405ec80, 0x000001d0740c2a90, 0x000001d074175ac0, 0x000001d074293d90,
0x000001d079741f90, 0x000001d079c49090, 0x000001d07a1e9a30, 0x000001d079b4ca10,
0x000001d079b4cef0, 0x000001d07986d710, 0x000001d07986ae90, 0x000001d07986b8b0,
0x000001d07986bdc0, 0x000001d07986c7e0, 0x000001d07986a470, 0x000001d07986d200,
0x000001d07986a980, 0x000001d07a0bca60, 0x000001d07a0c1140, 0x000001d07a0bedd0,
0x000001d07a0bfd00
}

Java Threads: ( => current thread )
  0x000001d05a8ee420 JavaThread "main" [_thread_blocked, id=20512, stack(0x0000009d67800000,0x0000009d67900000)]
  0x000001d073e7fc70 JavaThread "Reference Handler" daemon [_thread_blocked, id=18600, stack(0x0000009d67f00000,0x0000009d68000000)]
  0x000001d074032170 JavaThread "Finalizer" daemon [_thread_blocked, id=26672, stack(0x0000009d68000000,0x0000009d68100000)]
  0x000001d073ee46b0 JavaThread "Signal Dispatcher" daemon [_thread_blocked, id=13648, stack(0x0000009d68100000,0x0000009d68200000)]
  0x000001d073ee5990 JavaThread "Attach Listener" daemon [_thread_blocked, id=22728, stack(0x0000009d68200000,0x0000009d68300000)]
  0x000001d0740532f0 JavaThread "Service Thread" daemon [_thread_blocked, id=29560, stack(0x0000009d68300000,0x0000009d68400000)]
  0x000001d074053cb0 JavaThread "Monitor Deflation Thread" daemon [_thread_blocked, id=14056, stack(0x0000009d68400000,0x0000009d68500000)]
  0x000001d074055260 JavaThread "C2 CompilerThread0" daemon [_thread_blocked, id=27160, stack(0x0000009d68500000,0x0000009d68600000)]
=>0x000001d07405ec80 JavaThread "C1 CompilerThread0" daemon [_thread_in_native, id=26712, stack(0x0000009d68600000,0x0000009d68700000)]
  0x000001d0740c2a90 JavaThread "Sweeper thread" daemon [_thread_blocked, id=1740, stack(0x0000009d68700000,0x0000009d68800000)]
  0x000001d074175ac0 JavaThread "Common-Cleaner" daemon [_thread_blocked, id=14448, stack(0x0000009d68800000,0x0000009d68900000)]
  0x000001d074293d90 JavaThread "Notification Thread" daemon [_thread_blocked, id=25244, stack(0x0000009d68900000,0x0000009d68a00000)]
  0x000001d079741f90 JavaThread "Daemon health stats" [_thread_blocked, id=7304, stack(0x0000009d68e00000,0x0000009d68f00000)]
  0x000001d079c49090 JavaThread "Incoming local TCP Connector on port 61005" [_thread_in_native, id=29356, stack(0x0000009d68f00000,0x0000009d69000000)]
  0x000001d07a1e9a30 JavaThread "Daemon periodic checks" [_thread_blocked, id=20764, stack(0x0000009d69000000,0x0000009d69100000)]
  0x000001d079b4ca10 JavaThread "Daemon" [_thread_blocked, id=20524, stack(0x0000009d69100000,0x0000009d69200000)]
  0x000001d079b4cef0 JavaThread "Handler for socket connection from /127.0.0.1:61005 to /127.0.0.1:61006" [_thread_in_native, id=27652, stack(0x0000009d69200000,0x0000009d69300000)]
  0x000001d07986d710 JavaThread "Cancel handler" [_thread_blocked, id=25968, stack(0x0000009d69300000,0x0000009d69400000)]
  0x000001d07986ae90 JavaThread "Daemon worker" [_thread_in_vm, id=19960, stack(0x0000009d69400000,0x0000009d69500000)]
  0x000001d07986b8b0 JavaThread "Asynchronous log dispatcher for DefaultDaemonConnection: socket connection from /127.0.0.1:61005 to /127.0.0.1:61006" [_thread_blocked, id=15196, stack(0x0000009d69500000,0x0000009d69600000)]
  0x000001d07986bdc0 JavaThread "Daemon client event forwarder" [_thread_blocked, id=29580, stack(0x0000009d69700000,0x0000009d69800000)]
  0x000001d07986c7e0 JavaThread "Cache worker for journal cache (C:\Users\jonat\Desktop\HACKATON\Hackaton\gradle\caches\journal-1)" [_thread_blocked, id=17176, stack(0x0000009d69800000,0x0000009d69900000)]
  0x000001d07986a470 JavaThread "File lock request listener" [_thread_in_native, id=25536, stack(0x0000009d69900000,0x0000009d69a00000)]
  0x000001d07986d200 JavaThread "Cache worker for file hash cache (C:\Users\jonat\Desktop\HACKATON\Hackaton\gradle\caches\8.2\fileHashes)" [_thread_blocked, id=16848, stack(0x0000009d69c00000,0x0000009d69d00000)]
  0x000001d07986a980 JavaThread "File watcher server" daemon [_thread_in_native, id=28100, stack(0x0000009d67500000,0x0000009d67600000)]
  0x000001d07a0bca60 JavaThread "File watcher consumer" daemon [_thread_blocked, id=14076, stack(0x0000009d67600000,0x0000009d67700000)]
  0x000001d07a0c1140 JavaThread "Cache worker for checksums cache (C:\Users\jonat\Desktop\proyectohackaton\SmartTravel_Project\.gradle\8.2\checksums)" [_thread_blocked, id=20344, stack(0x0000009d67700000,0x0000009d67800000)]
  0x000001d07a0bedd0 JavaThread "Cache worker for cache directory md-rule (C:\Users\jonat\Desktop\HACKATON\Hackaton\gradle\caches\8.2\md-rule)" [_thread_blocked, id=26280, stack(0x0000009d69600000,0x0000009d69700000)]
  0x000001d07a0bfd00 JavaThread "Cache worker for file content cache (C:\Users\jonat\Desktop\HACKATON\Hackaton\gradle\caches\8.2\fileContent)" [_thread_blocked, id=29044, stack(0x0000009d69d00000,0x0000009d69e00000)]

Other Threads:
  0x000001d073e71d30 VMThread "VM Thread" [stack: 0x0000009d67e00000,0x0000009d67f00000] [id=15696]
  0x000001d074294270 WatcherThread [stack: 0x0000009d68a00000,0x0000009d68b00000] [id=20532]
  0x000001d05a9498e0 GCTaskThread "GC Thread#0" [stack: 0x0000009d67900000,0x0000009d67a00000] [id=9024]
  0x000001d0747ed640 GCTaskThread "GC Thread#1" [stack: 0x0000009d68c00000,0x0000009d68d00000] [id=17028]
  0x000001d0747ed900 GCTaskThread "GC Thread#2" [stack: 0x0000009d68d00000,0x0000009d68e00000] [id=9776]
  0x000001d0791da040 GCTaskThread "GC Thread#3" [stack: 0x0000009d68b00000,0x0000009d68c00000] [id=7768]
  0x000001d05a95a830 ConcurrentGCThread "G1 Main Marker" [stack: 0x0000009d67a00000,0x0000009d67b00000] [id=20200]
  0x000001d05a95b250 ConcurrentGCThread "G1 Conc#0" [stack: 0x0000009d67b00000,0x0000009d67c00000] [id=20328]
  0x000001d05a99df70 ConcurrentGCThread "G1 Refine#0" [stack: 0x0000009d67c00000,0x0000009d67d00000] [id=18960]
  0x000001d05a99e9a0 ConcurrentGCThread "G1 Service" [stack: 0x0000009d67d00000,0x0000009d67e00000] [id=25548]

Threads with active compile tasks:
C1 CompilerThread0    88759 2907   !   3       java.lang.invoke.MethodHandles$Lookup::canBeCached (150 bytes)

VM state: not at safepoint (normal execution)

VM Mutex/Monitor currently owned by a thread:  ([mutex/lock_event])
[0x000001d05888ddd0] Metaspace_lock - owner thread: 0x000001d07986ae90

Heap address: 0x0000000080000000, size: 2048 MB, Compressed Oops mode: 32-bit

CDS archive(s) not mapped
Compressed class space mapped at: 0x0000000100000000-0x0000000140000000, reserved size: 1073741824
Narrow klass base: 0x0000000000000000, Narrow klass shift: 3, Narrow klass range: 0x140000000

GC Precious Log:
 CPUs: 4 total, 4 available
 Memory: 8079M
 Large Page Support: Disabled
 NUMA Support: Disabled
 Compressed Oops: Enabled (32-bit)
 Heap Region Size: 1M
 Heap Min Capacity: 8M
 Heap Initial Capacity: 128M
 Heap Max Capacity: 2G
 Pre-touch: Disabled
 Parallel Workers: 4
 Concurrent Workers: 1
 Concurrent Refinement Workers: 4
 Periodic GC: Disabled

Heap:
 garbage-first heap   total 68608K, used 47147K [0x0000000080000000, 0x0000000100000000)
  region size 1024K, 28 young (28672K), 1 survivors (1024K)
 Metaspace       used 31595K, committed 31872K, reserved 1114112K
  class space    used 4254K, committed 4416K, reserved 1048576K

Heap Regions: E=young(eden), S=young(survivor), O=old, HS=humongous(starts), HC=humongous(continues), CS=collection set, F=free, OA=open archive, CA=closed archive, TAMS=top-at-mark-start (previous, next)
|   0|0x0000000080000000, 0x0000000080100000, 0x0000000080100000|100%| O|  |TAMS 0x0000000080100000, 0x0000000080000000| Untracked 
|   1|0x0000000080100000, 0x0000000080200000, 0x0000000080200000|100%|HS|  |TAMS 0x0000000080200000, 0x0000000080100000| Complete 
|   2|0x0000000080200000, 0x0000000080300000, 0x0000000080300000|100%|HC|  |TAMS 0x0000000080300000, 0x0000000080200000| Complete 
|   3|0x0000000080300000, 0x0000000080400000, 0x0000000080400000|100%|HC|  |TAMS 0x0000000080400000, 0x0000000080300000| Complete 
|   4|0x0000000080400000, 0x0000000080500000, 0x0000000080500000|100%|HC|  |TAMS 0x0000000080500000, 0x0000000080400000| Complete 
|   5|0x0000000080500000, 0x0000000080600000, 0x0000000080600000|100%| O|  |TAMS 0x0000000080600000, 0x0000000080500000| Untracked 
|   6|0x0000000080600000, 0x0000000080700000, 0x0000000080700000|100%| O|  |TAMS 0x0000000080700000, 0x0000000080600000| Untracked 
|   7|0x0000000080700000, 0x0000000080800000, 0x0000000080800000|100%| O|  |TAMS 0x0000000080800000, 0x0000000080700000| Untracked 
|   8|0x0000000080800000, 0x0000000080900000, 0x0000000080900000|100%| O|  |TAMS 0x0000000080800000, 0x0000000080800000| Untracked 
|   9|0x0000000080900000, 0x0000000080a00000, 0x0000000080a00000|100%| O|  |TAMS 0x0000000080a00000, 0x0000000080900000| Untracked 
|  10|0x0000000080a00000, 0x0000000080b00000, 0x0000000080b00000|100%| O|  |TAMS 0x0000000080b00000, 0x0000000080a00000| Untracked 
|  11|0x0000000080b00000, 0x0000000080be8800, 0x0000000080c00000| 90%| O|  |TAMS 0x0000000080be8800, 0x0000000080b00000| Untracked 
|  12|0x0000000080c00000, 0x0000000080d00000, 0x0000000080d00000|100%| O|  |TAMS 0x0000000080c00000, 0x0000000080c00000| Untracked 
|  13|0x0000000080d00000, 0x0000000080e00000, 0x0000000080e00000|100%| O|  |TAMS 0x0000000080d00000, 0x0000000080d00000| Untracked 
|  14|0x0000000080e00000, 0x0000000080f00000, 0x0000000080f00000|100%| O|  |TAMS 0x0000000080e00000, 0x0000000080e00000| Untracked 
|  15|0x0000000080f00000, 0x0000000081000000, 0x0000000081000000|100%| O|  |TAMS 0x0000000080f00000, 0x0000000080f00000| Untracked 
|  16|0x0000000081000000, 0x0000000081100000, 0x0000000081100000|100%| O|  |TAMS 0x0000000081000000, 0x0000000081000000| Untracked 
|  17|0x0000000081100000, 0x0000000081200000, 0x0000000081200000|100%| O|  |TAMS 0x0000000081100000, 0x0000000081100000| Untracked 
|  18|0x0000000081200000, 0x0000000081300000, 0x0000000081300000|100%| O|  |TAMS 0x0000000081200000, 0x0000000081200000| Untracked 
|  19|0x0000000081300000, 0x0000000081400000, 0x0000000081400000|100%| O|  |TAMS 0x0000000081300000, 0x0000000081300000| Untracked 
|  20|0x0000000081400000, 0x000000008142a000, 0x0000000081500000| 16%| O|  |TAMS 0x0000000081400000, 0x0000000081400000| Untracked 
|  21|0x0000000081500000, 0x0000000081500000, 0x0000000081600000|  0%| F|  |TAMS 0x0000000081500000, 0x0000000081500000| Untracked 
|  22|0x0000000081600000, 0x0000000081600000, 0x0000000081700000|  0%| F|  |TAMS 0x0000000081600000, 0x0000000081600000| Untracked 
|  23|0x0000000081700000, 0x0000000081700000, 0x0000000081800000|  0%| F|  |TAMS 0x0000000081700000, 0x0000000081700000| Untracked 
|  24|0x0000000081800000, 0x0000000081800000, 0x0000000081900000|  0%| F|  |TAMS 0x0000000081800000, 0x0000000081800000| Untracked 
|  25|0x0000000081900000, 0x0000000081900000, 0x0000000081a00000|  0%| F|  |TAMS 0x0000000081900000, 0x0000000081900000| Untracked 
|  26|0x0000000081a00000, 0x0000000081a00000, 0x0000000081b00000|  0%| F|  |TAMS 0x0000000081a00000, 0x0000000081a00000| Untracked 
|  27|0x0000000081b00000, 0x0000000081b00000, 0x0000000081c00000|  0%| F|  |TAMS 0x0000000081b00000, 0x0000000081b00000| Untracked 
|  28|0x0000000081c00000, 0x0000000081c00000, 0x0000000081d00000|  0%| F|  |TAMS 0x0000000081c00000, 0x0000000081c00000| Untracked 
|  29|0x0000000081d00000, 0x0000000081d00000, 0x0000000081e00000|  0%| F|  |TAMS 0x0000000081d00000, 0x0000000081d00000| Untracked 
|  30|0x0000000081e00000, 0x0000000081e00000, 0x0000000081f00000|  0%| F|  |TAMS 0x0000000081e00000, 0x0000000081e00000| Untracked 
|  31|0x0000000081f00000, 0x0000000081f00000, 0x0000000082000000|  0%| F|  |TAMS 0x0000000081f00000, 0x0000000081f00000| Untracked 
|  32|0x0000000082000000, 0x0000000082000000, 0x0000000082100000|  0%| F|  |TAMS 0x0000000082000000, 0x0000000082000000| Untracked 
|  33|0x0000000082100000, 0x0000000082100000, 0x0000000082200000|  0%| F|  |TAMS 0x0000000082100000, 0x0000000082100000| Untracked 
|  34|0x0000000082200000, 0x0000000082200000, 0x0000000082300000|  0%| F|  |TAMS 0x0000000082200000, 0x0000000082200000| Untracked 
|  35|0x0000000082300000, 0x0000000082300000, 0x0000000082400000|  0%| F|  |TAMS 0x0000000082300000, 0x0000000082300000| Untracked 
|  36|0x0000000082400000, 0x0000000082400000, 0x0000000082500000|  0%| F|  |TAMS 0x0000000082400000, 0x0000000082400000| Untracked 
|  37|0x0000000082500000, 0x0000000082500000, 0x0000000082600000|  0%| F|  |TAMS 0x0000000082500000, 0x0000000082500000| Untracked 
|  38|0x0000000082600000, 0x0000000082600000, 0x0000000082700000|  0%| F|  |TAMS 0x0000000082600000, 0x0000000082600000| Untracked 
|  39|0x0000000082700000, 0x00000000827c56e8, 0x0000000082800000| 77%| E|  |TAMS 0x0000000082700000, 0x0000000082700000| Complete 
|  40|0x0000000082800000, 0x0000000082900000, 0x0000000082900000|100%| E|CS|TAMS 0x0000000082800000, 0x0000000082800000| Complete 
|  41|0x0000000082900000, 0x0000000082a00000, 0x0000000082a00000|100%| E|CS|TAMS 0x0000000082900000, 0x0000000082900000| Complete 
|  42|0x0000000082a00000, 0x0000000082b00000, 0x0000000082b00000|100%| E|CS|TAMS 0x0000000082a00000, 0x0000000082a00000| Complete 
|  43|0x0000000082b00000, 0x0000000082c00000, 0x0000000082c00000|100%| E|CS|TAMS 0x0000000082b00000, 0x0000000082b00000| Complete 
|  44|0x0000000082c00000, 0x0000000082d00000, 0x0000000082d00000|100%| E|CS|TAMS 0x0000000082c00000, 0x0000000082c00000| Complete 
|  45|0x0000000082d00000, 0x0000000082e00000, 0x0000000082e00000|100%| E|CS|TAMS 0x0000000082d00000, 0x0000000082d00000| Complete 
|  46|0x0000000082e00000, 0x0000000082f00000, 0x0000000082f00000|100%| E|CS|TAMS 0x0000000082e00000, 0x0000000082e00000| Complete 
|  47|0x0000000082f00000, 0x0000000083000000, 0x0000000083000000|100%| E|CS|TAMS 0x0000000082f00000, 0x0000000082f00000| Complete 
|  48|0x0000000083000000, 0x0000000083100000, 0x0000000083100000|100%| E|CS|TAMS 0x0000000083000000, 0x0000000083000000| Complete 
|  49|0x0000000083100000, 0x0000000083200000, 0x0000000083200000|100%| E|CS|TAMS 0x0000000083100000, 0x0000000083100000| Complete 
|  50|0x0000000083200000, 0x0000000083300000, 0x0000000083300000|100%| E|CS|TAMS 0x0000000083200000, 0x0000000083200000| Complete 
|  51|0x0000000083300000, 0x0000000083400000, 0x0000000083400000|100%| E|CS|TAMS 0x0000000083300000, 0x0000000083300000| Complete 
|  52|0x0000000083400000, 0x00000000834f86e8, 0x0000000083500000| 97%| S|CS|TAMS 0x0000000083400000, 0x0000000083400000| Complete 
|  53|0x0000000083500000, 0x0000000083600000, 0x0000000083600000|100%| E|CS|TAMS 0x0000000083500000, 0x0000000083500000| Complete 
|  54|0x0000000083600000, 0x0000000083700000, 0x0000000083700000|100%| E|CS|TAMS 0x0000000083600000, 0x0000000083600000| Complete 
|  55|0x0000000083700000, 0x0000000083800000, 0x0000000083800000|100%| E|CS|TAMS 0x0000000083700000, 0x0000000083700000| Complete 
|  56|0x0000000083800000, 0x0000000083900000, 0x0000000083900000|100%| E|  |TAMS 0x0000000083800000, 0x0000000083800000| Complete 
|  57|0x0000000083900000, 0x0000000083a00000, 0x0000000083a00000|100%| E|CS|TAMS 0x0000000083900000, 0x0000000083900000| Complete 
|  72|0x0000000084800000, 0x0000000084900000, 0x0000000084900000|100%| E|CS|TAMS 0x0000000084800000, 0x0000000084800000| Complete 
|  73|0x0000000084900000, 0x0000000084a00000, 0x0000000084a00000|100%| E|CS|TAMS 0x0000000084900000, 0x0000000084900000| Complete 
|  74|0x0000000084a00000, 0x0000000084b00000, 0x0000000084b00000|100%| E|CS|TAMS 0x0000000084a00000, 0x0000000084a00000| Complete 
|  75|0x0000000084b00000, 0x0000000084c00000, 0x0000000084c00000|100%| E|CS|TAMS 0x0000000084b00000, 0x0000000084b00000| Complete 
|  76|0x0000000084c00000, 0x0000000084d00000, 0x0000000084d00000|100%| E|CS|TAMS 0x0000000084c00000, 0x0000000084c00000| Complete 
|  77|0x0000000084d00000, 0x0000000084e00000, 0x0000000084e00000|100%| E|CS|TAMS 0x0000000084d00000, 0x0000000084d00000| Complete 
|  78|0x0000000084e00000, 0x0000000084f00000, 0x0000000084f00000|100%| E|CS|TAMS 0x0000000084e00000, 0x0000000084e00000| Complete 
|  79|0x0000000084f00000, 0x0000000085000000, 0x0000000085000000|100%| E|CS|TAMS 0x0000000084f00000, 0x0000000084f00000| Complete 
| 127|0x0000000087f00000, 0x0000000088000000, 0x0000000088000000|100%| E|CS|TAMS 0x0000000087f00000, 0x0000000087f00000| Complete 

Card table byte_map: [0x000001d06d1c0000,0x000001d06d5c0000] _byte_map_base: 0x000001d06cdc0000

Marking Bits (Prev, Next): (CMBitMap*) 0x000001d05a949f40, (CMBitMap*) 0x000001d05a949f00
 Prev Bits: [0x000001d06f9c0000, 0x000001d0719c0000)
 Next Bits: [0x000001d06d9c0000, 0x000001d06f9c0000)

Polling page: 0x000001d05a0a0000

Metaspace:

Usage:
  Non-class:     26.70 MB used.
      Class:      4.15 MB used.
       Both:     30.85 MB used.

Virtual space:
  Non-class space:       64.00 MB reserved,      26.81 MB ( 42%) committed,  1 nodes.
      Class space:        1.00 GB reserved,       4.31 MB ( <1%) committed,  1 nodes.
             Both:        1.06 GB reserved,      31.12 MB (  3%) committed. 

Chunk freelists:
   Non-Class:  5.11 MB
       Class:  11.72 MB
        Both:  16.83 MB

MaxMetaspaceSize: unlimited
CompressedClassSpaceSize: 1.00 GB
Initial GC threshold: 21.00 MB
Current GC threshold: 35.12 MB
CDS: off
MetaspaceReclaimPolicy: balanced
 - commit_granule_bytes: 65536.
 - commit_granule_words: 8192.
 - virtual_space_node_default_size: 8388608.
 - enlarge_chunks_in_place: 1.
 - new_chunks_are_fully_committed: 0.
 - uncommit_free_chunks: 1.
 - use_allocation_guard: 0.
 - handle_deallocations: 1.


Internal statistics:

num_allocs_failed_limit: 3.
num_arena_births: 230.
num_arena_deaths: 0.
num_vsnodes_births: 2.
num_vsnodes_deaths: 0.
num_space_committed: 498.
num_space_uncommitted: 0.
num_chunks_returned_to_freelist: 3.
num_chunks_taken_from_freelist: 1030.
num_chunk_merges: 0.
num_chunk_splits: 686.
num_chunks_enlarged: 520.
num_inconsistent_stats: 0.

CodeHeap 'non-profiled nmethods': size=120000Kb used=1465Kb max_used=1465Kb free=118534Kb
 bounds [0x000001d065890000, 0x000001d065b00000, 0x000001d06cdc0000]
CodeHeap 'profiled nmethods': size=120000Kb used=5922Kb max_used=5922Kb free=114077Kb
 bounds [0x000001d05ddc0000, 0x000001d05e390000, 0x000001d0652f0000]
CodeHeap 'non-nmethods': size=5760Kb used=1233Kb max_used=1295Kb free=4526Kb
 bounds [0x000001d0652f0000, 0x000001d065560000, 0x000001d065890000]
 total_blobs=3440 nmethods=2896 adapters=457
 compilation: enabled
              stopped_count=0, restarted_count=0
 full_count=0

Compilation events (20 events):
Event: 88.207 Thread 0x000001d07405ec80 nmethod 2897 0x000001d05e380890 code [0x000001d05e380ae0, 0x000001d05e381558]
Event: 88.207 Thread 0x000001d07405ec80 2901       3       org.objectweb.asm.Frame::merge (395 bytes)
Event: 88.209 Thread 0x000001d07405ec80 nmethod 2901 0x000001d05e381890 code [0x000001d05e381b40, 0x000001d05e382998]
Event: 88.209 Thread 0x000001d07405ec80 2899       3       org.objectweb.asm.Type::getReturnTypeOffset (64 bytes)
Event: 88.211 Thread 0x000001d07405ec80 nmethod 2899 0x000001d05e383010 code [0x000001d05e383340, 0x000001d05e384718]
Event: 88.211 Thread 0x000001d07405ec80 2900       3       org.objectweb.asm.Edge::<init> (20 bytes)
Event: 88.211 Thread 0x000001d07405ec80 nmethod 2900 0x000001d05e384e90 code [0x000001d05e385040, 0x000001d05e385278]
Event: 88.211 Thread 0x000001d07405ec80 2902       3       org.objectweb.asm.MethodWriter::addSuccessorToCurrentBasicBlock (24 bytes)
Event: 88.211 Thread 0x000001d07405ec80 nmethod 2902 0x000001d05e385310 code [0x000001d05e3854c0, 0x000001d05e385818]
Event: 88.211 Thread 0x000001d07405ec80 2898       3       org.objectweb.asm.ByteVector::put11 (52 bytes)
Event: 88.212 Thread 0x000001d07405ec80 nmethod 2898 0x000001d05e385990 code [0x000001d05e385b40, 0x000001d05e385d48]
Event: 88.212 Thread 0x000001d07405ec80 2903       1       org.gradle.internal.instantiation.generator.AsmBackedClassGenerator$ClassBuilderImpl::access$3200 (5 bytes)
Event: 88.212 Thread 0x000001d07405ec80 nmethod 2903 0x000001d0659fe390 code [0x000001d0659fe520, 0x000001d0659fe5d8]
Event: 88.212 Thread 0x000001d07405ec80 2904       3       sun.reflect.annotation.AnnotationParser::parseAnnotations2 (135 bytes)
Event: 88.213 Thread 0x000001d07405ec80 nmethod 2904 0x000001d05e385e90 code [0x000001d05e3861e0, 0x000001d05e387378]
Event: 88.213 Thread 0x000001d07405ec80 2905       3       java.lang.Class::getTypeParameters (19 bytes)
Event: 88.214 Thread 0x000001d07405ec80 nmethod 2905 0x000001d05e387a90 code [0x000001d05e387c80, 0x000001d05e388228]
Event: 88.380 Thread 0x000001d07405ec80 2906       3       com.google.common.base.MoreObjects::firstNonNull (22 bytes)
Event: 88.380 Thread 0x000001d07405ec80 nmethod 2906 0x000001d05e388390 code [0x000001d05e388540, 0x000001d05e3887a8]
Event: 88.381 Thread 0x000001d07405ec80 2907   !   3       java.lang.invoke.MethodHandles$Lookup::canBeCached (150 bytes)

GC Heap History (12 events):
Event: 1.731 GC heap before
{Heap before GC invocations=0 (full 0):
 garbage-first heap   total 131072K, used 12288K [0x0000000080000000, 0x0000000100000000)
  region size 1024K, 13 young (13312K), 0 survivors (0K)
 Metaspace       used 7680K, committed 7872K, reserved 1114112K
  class space    used 676K, committed 768K, reserved 1048576K
}
Event: 1.743 GC heap after
{Heap after GC invocations=1 (full 0):
 garbage-first heap   total 131072K, used 3038K [0x0000000080000000, 0x0000000100000000)
  region size 1024K, 2 young (2048K), 2 survivors (2048K)
 Metaspace       used 7680K, committed 7872K, reserved 1114112K
  class space    used 676K, committed 768K, reserved 1048576K
}
Event: 3.646 GC heap before
{Heap before GC invocations=1 (full 0):
 garbage-first heap   total 131072K, used 22494K [0x0000000080000000, 0x0000000100000000)
  region size 1024K, 18 young (18432K), 2 survivors (2048K)
 Metaspace       used 11368K, committed 11584K, reserved 1114112K
  class space    used 1195K, committed 1280K, reserved 1048576K
}
Event: 3.655 GC heap after
{Heap after GC invocations=2 (full 0):
 garbage-first heap   total 131072K, used 10871K [0x0000000080000000, 0x0000000100000000)
  region size 1024K, 3 young (3072K), 3 survivors (3072K)
 Metaspace       used 11368K, committed 11584K, reserved 1114112K
  class space    used 1195K, committed 1280K, reserved 1048576K
}
Event: 5.617 GC heap before
{Heap before GC invocations=2 (full 0):
 garbage-first heap   total 131072K, used 34423K [0x0000000080000000, 0x0000000100000000)
  region size 1024K, 26 young (26624K), 3 survivors (3072K)
 Metaspace       used 11493K, committed 11648K, reserved 1114112K
  class space    used 1198K, committed 1280K, reserved 1048576K
}
Event: 5.622 GC heap after
{Heap after GC invocations=3 (full 0):
 garbage-first heap   total 131072K, used 12298K [0x0000000080000000, 0x0000000100000000)
  region size 1024K, 2 young (2048K), 2 survivors (2048K)
 Metaspace       used 11493K, committed 11648K, reserved 1114112K
  class space    used 1198K, committed 1280K, reserved 1048576K
}
Event: 14.291 GC heap before
{Heap before GC invocations=3 (full 0):
 garbage-first heap   total 131072K, used 58378K [0x0000000080000000, 0x0000000100000000)
  region size 1024K, 48 young (49152K), 2 survivors (2048K)
 Metaspace       used 21319K, committed 21504K, reserved 1114112K
  class space    used 2522K, committed 2624K, reserved 1048576K
}
Event: 14.317 GC heap after
{Heap after GC invocations=4 (full 0):
 garbage-first heap   total 131072K, used 19164K [0x0000000080000000, 0x0000000100000000)
  region size 1024K, 8 young (8192K), 8 survivors (8192K)
 Metaspace       used 21319K, committed 21504K, reserved 1114112K
  class space    used 2522K, committed 2624K, reserved 1048576K
}
Event: 71.693 GC heap before
{Heap before GC invocations=5 (full 0):
 garbage-first heap   total 68608K, used 51932K [0x0000000080000000, 0x0000000100000000)
  region size 1024K, 40 young (40960K), 8 survivors (8192K)
 Metaspace       used 26011K, committed 26240K, reserved 1114112K
  class space    used 3328K, committed 3456K, reserved 1048576K
}
Event: 72.256 GC heap after
{Heap after GC invocations=6 (full 0):
 garbage-first heap   total 68608K, used 20904K [0x0000000080000000, 0x0000000100000000)
  region size 1024K, 2 young (2048K), 2 survivors (2048K)
 Metaspace       used 26011K, committed 26240K, reserved 1114112K
  class space    used 3328K, committed 3456K, reserved 1048576K
}
Event: 81.878 GC heap before
{Heap before GC invocations=6 (full 0):
 garbage-first heap   total 68608K, used 35240K [0x0000000080000000, 0x0000000100000000)
  region size 1024K, 16 young (16384K), 2 survivors (2048K)
 Metaspace       used 27860K, committed 28160K, reserved 1114112K
  class space    used 3659K, committed 3776K, reserved 1048576K
}
Event: 81.885 GC heap after
{Heap after GC invocations=7 (full 0):
 garbage-first heap   total 68608K, used 21547K [0x0000000080000000, 0x0000000100000000)
  region size 1024K, 1 young (1024K), 1 survivors (1024K)
 Metaspace       used 27860K, committed 28160K, reserved 1114112K
  class space    used 3659K, committed 3776K, reserved 1048576K
}

Dll operation events (3 events):
Event: 0.022 Loaded shared library C:\Program Files\Android\Android Studio\jbr\bin\java.dll
Event: 0.592 Loaded shared library C:\Program Files\Android\Android Studio\jbr\bin\zip.dll
Event: 1.914 Loaded shared library C:\Program Files\Android\Android Studio\jbr\bin\verify.dll

Deoptimization events (20 events):
Event: 78.042 Thread 0x000001d07986ae90 DEOPT PACKING pc=0x000001d0659d98a8 sp=0x0000009d694fab70
Event: 78.042 Thread 0x000001d07986ae90 DEOPT UNPACKING pc=0x000001d06534699d sp=0x0000009d694fab38 mode 2
Event: 81.699 Thread 0x000001d07986ae90 DEOPT PACKING pc=0x000001d05e142a88 sp=0x0000009d694f84e0
Event: 81.699 Thread 0x000001d07986ae90 DEOPT UNPACKING pc=0x000001d065347124 sp=0x0000009d694f79e8 mode 0
Event: 83.707 Thread 0x000001d07986ae90 Uncommon trap: trap_request=0xffffff76 fr.pc=0x000001d0659e5fa0 relative=0x0000000000000180
Event: 83.707 Thread 0x000001d07986ae90 Uncommon trap: reason=predicate action=maybe_recompile pc=0x000001d0659e5fa0 method=com.google.common.base.CharMatcher.indexIn(Ljava/lang/CharSequence;I)I @ 19 c2
Event: 83.707 Thread 0x000001d07986ae90 DEOPT PACKING pc=0x000001d0659e5fa0 sp=0x0000009d694fa360
Event: 83.707 Thread 0x000001d07986ae90 DEOPT UNPACKING pc=0x000001d06534699d sp=0x0000009d694fa2f0 mode 2
Event: 83.952 Thread 0x000001d07986a980 Uncommon trap: trap_request=0xffffff45 fr.pc=0x000001d0659da634 relative=0x0000000000000034
Event: 83.952 Thread 0x000001d07986a980 Uncommon trap: reason=unstable_if action=reinterpret pc=0x000001d0659da634 method=java.util.concurrent.locks.AbstractQueuedSynchronizer.signalNext(Ljava/util/concurrent/locks/AbstractQueuedSynchronizer$Node;)V @ 1 c2
Event: 83.952 Thread 0x000001d07986a980 DEOPT PACKING pc=0x000001d0659da634 sp=0x0000009d675ff3a0
Event: 83.952 Thread 0x000001d07986a980 DEOPT UNPACKING pc=0x000001d06534699d sp=0x0000009d675ff338 mode 2
Event: 85.114 Thread 0x000001d07986ae90 Uncommon trap: trap_request=0xffffff45 fr.pc=0x000001d0659643c8 relative=0x0000000000000628
Event: 85.114 Thread 0x000001d07986ae90 Uncommon trap: reason=unstable_if action=reinterpret pc=0x000001d0659643c8 method=java.util.Properties$LineReader.readLine()I @ 95 c2
Event: 85.114 Thread 0x000001d07986ae90 DEOPT PACKING pc=0x000001d0659643c8 sp=0x0000009d694fb1d0
Event: 85.114 Thread 0x000001d07986ae90 DEOPT UNPACKING pc=0x000001d06534699d sp=0x0000009d694fb180 mode 2
Event: 87.855 Thread 0x000001d07986ae90 Uncommon trap: trap_request=0xffffff45 fr.pc=0x000001d0658ebd6c relative=0x00000000000005ac
Event: 87.855 Thread 0x000001d07986ae90 Uncommon trap: reason=unstable_if action=reinterpret pc=0x000001d0658ebd6c method=java.util.HashMap.hash(Ljava/lang/Object;)I @ 1 c2
Event: 87.855 Thread 0x000001d07986ae90 DEOPT PACKING pc=0x000001d0658ebd6c sp=0x0000009d694f76a0
Event: 87.855 Thread 0x000001d07986ae90 DEOPT UNPACKING pc=0x000001d06534699d sp=0x0000009d694f7548 mode 2

Classes unloaded (0 events):
No events

Classes redefined (0 events):
No events

Internal exceptions (20 events):
Event: 16.172 Thread 0x000001d07986ae90 Exception <a 'java/lang/NoSuchMethodError'{0x00000000831374d0}: 'java.lang.Object java.lang.invoke.DirectMethodHandle$Holder.newInvokeSpecial(java.lang.Object, java.lang.Object, java.lang.Object, int)'> (0x00000000831374d0) 
thrown [s\src\hotspot\share\interpreter\linkResolver.cpp, line 771]
Event: 16.173 Thread 0x000001d07986ae90 Exception <a 'java/lang/NoSuchMethodError'{0x000000008313be00}: 'java.lang.Object java.lang.invoke.DirectMethodHandle$Holder.invokeSpecial(java.lang.Object, java.lang.Object, java.lang.Object, java.lang.Object, int)'> (0x000000008313be00) 
thrown [s\src\hotspot\share\interpreter\linkResolver.cpp, line 771]
Event: 16.174 Thread 0x000001d07986ae90 Exception <a 'java/lang/NoSuchMethodError'{0x000000008313ff18}: 'java.lang.Object java.lang.invoke.Invokers$Holder.linkToTargetMethod(java.lang.Object, java.lang.Object, int, java.lang.Object)'> (0x000000008313ff18) 
thrown [s\src\hotspot\share\interpreter\linkResolver.cpp, line 771]
Event: 20.850 Thread 0x000001d07a1e9a30 Implicit null exception at 0x000001d0658d4c72 to 0x000001d0658d51e0
Event: 20.852 Thread 0x000001d07a1e9a30 Implicit null exception at 0x000001d0658d5872 to 0x000001d0658d5de0
Event: 58.528 Thread 0x000001d07986ae90 Exception <a 'java/lang/NoSuchMethodError'{0x00000000822e0910}: 'int java.lang.invoke.DirectMethodHandle$Holder.invokeSpecialIFC(java.lang.Object, java.lang.Object, java.lang.Object, java.lang.Object)'> (0x00000000822e0910) 
thrown [s\src\hotspot\share\interpreter\linkResolver.cpp, line 771]
Event: 58.538 Thread 0x000001d07986ae90 Exception <a 'java/lang/NoSuchMethodError'{0x00000000822ef968}: 'java.lang.Object java.lang.invoke.DirectMethodHandle$Holder.invokeInterface(java.lang.Object, java.lang.Object, java.lang.Object)'> (0x00000000822ef968) 
thrown [s\src\hotspot\share\interpreter\linkResolver.cpp, line 771]
Event: 58.540 Thread 0x000001d07986ae90 Exception <a 'java/lang/IncompatibleClassChangeError'{0x00000000822f3580}: Found class java.lang.Object, but interface was expected> (0x00000000822f3580) 
thrown [s\src\hotspot\share\interpreter\linkResolver.cpp, line 838]
Event: 63.754 Thread 0x000001d07986ae90 Exception <a 'java/lang/NoSuchMethodError'{0x00000000821eb788}: 'int java.lang.invoke.DirectMethodHandle$Holder.invokeStatic(java.lang.Object, java.lang.Object, java.lang.Object, java.lang.Object)'> (0x00000000821eb788) 
thrown [s\src\hotspot\share\interpreter\linkResolver.cpp, line 771]
Event: 63.757 Thread 0x000001d07986ae90 Exception <a 'java/lang/NoSuchMethodError'{0x00000000821ef3b0}: 'java.lang.Object java.lang.invoke.Invokers$Holder.invokeExact_MT(java.lang.Object, java.lang.Object, java.lang.Object, java.lang.Object, java.lang.Object, java.lang.Object)'> (0x00000000821ef3b0) 
thrown [s\src\hotspot\share\interpreter\linkResolver.cpp, line 771]
Event: 70.193 Thread 0x000001d07986ae90 Exception <a 'java/lang/NoSuchMethodError'{0x0000000081deb7f0}: 'java.lang.Object java.lang.invoke.DirectMethodHandle$Holder.invokeSpecial(java.lang.Object, java.lang.Object, java.lang.Object, java.lang.Object, java.lang.Object, java.lang.Object, java.lang.Object, java.lang.Object, java.lang.Object)'> (0x0000000081deb7f0) 
thrown [s\src\hotspot\share\interpreter\linkResolver.cpp, line 771]
Event: 77.045 Thread 0x000001d07986ae90 Exception <a 'java/lang/NoSuchMethodError'{0x0000000084c05998}: 'java.lang.Object java.lang.invoke.DirectMethodHandle$Holder.invokeVirtual(java.lang.Object, java.lang.Object, java.lang.Object, java.lang.Object)'> (0x0000000084c05998) 
thrown [s\src\hotspot\share\interpreter\linkResolver.cpp, line 771]
Event: 78.399 Thread 0x000001d07986ae90 Exception <a 'java/lang/NoSuchMethodError'{0x0000000084b6ac00}: 'java.lang.Object java.lang.invoke.DirectMethodHandle$Holder.newInvokeSpecial(java.lang.Object, java.lang.Object, java.lang.Object, java.lang.Object, java.lang.Object, java.lang.Object, java.lang.Object)'> (0x0000000084b6ac00) 
thrown [s\src\hotspot\share\interpreter\linkResolver.cpp, line 771]
Event: 78.400 Thread 0x000001d07986ae90 Exception <a 'java/lang/NoSuchMethodError'{0x0000000084b6f8d0}: 'java.lang.Object java.lang.invoke.Invokers$Holder.linkToTargetMethod(java.lang.Object, java.lang.Object, java.lang.Object, java.lang.Object, java.lang.Object, java.lang.Object, java.lang.Object)'> (0x0000000084b6f8d0) 
thrown [s\src\hotspot\share\interpreter\linkResolver.cpp, line 771]
Event: 84.078 Thread 0x000001d07986ae90 Exception <a 'java/lang/NoSuchMethodError'{0x000000008482a068}: 'void java.lang.invoke.DirectMethodHandle$Holder.invokeStatic(java.lang.Object, java.lang.Object, java.lang.Object, java.lang.Object)'> (0x000000008482a068) 
thrown [s\src\hotspot\share\interpreter\linkResolver.cpp, line 771]
Event: 84.120 Thread 0x000001d07986ae90 Exception <a 'java/lang/NoSuchMethodError'{0x000000008483e8d8}: 'int java.lang.invoke.DirectMethodHandle$Holder.invokeVirtual(java.lang.Object, java.lang.Object)'> (0x000000008483e8d8) 
thrown [s\src\hotspot\share\interpreter\linkResolver.cpp, line 771]
Event: 84.142 Thread 0x000001d07986ae90 Exception <a 'java/lang/NoSuchMethodError'{0x0000000084851268}: 'java.lang.Object java.lang.invoke.DirectMethodHandle$Holder.invokeStaticInit(java.lang.Object, java.lang.Object, java.lang.Object)'> (0x0000000084851268) 
thrown [s\src\hotspot\share\interpreter\linkResolver.cpp, line 771]
Event: 84.202 Thread 0x000001d07986ae90 Exception <a 'java/lang/NoSuchMethodError'{0x00000000848905f8}: 'int java.lang.invoke.DirectMethodHandle$Holder.invokeVirtual(java.lang.Object, java.lang.Object, java.lang.Object)'> (0x00000000848905f8) 
thrown [s\src\hotspot\share\interpreter\linkResolver.cpp, line 771]
Event: 86.744 Thread 0x000001d07986ae90 Exception <a 'java/lang/NoSuchMethodError'{0x0000000082e5e708}: 'java.lang.Object java.lang.invoke.DirectMethodHandle$Holder.invokeSpecialIFC(java.lang.Object, java.lang.Object, java.lang.Object, java.lang.Object)'> (0x0000000082e5e708) 
thrown [s\src\hotspot\share\interpreter\linkResolver.cpp, line 771]
Event: 87.855 Thread 0x000001d07986ae90 Implicit null exception at 0x000001d0658eb80f to 0x000001d0658ebd4c

VM Operations (20 events):
Event: 81.350 Executing VM operation: Cleanup
Event: 81.351 Executing VM operation: Cleanup done
Event: 81.878 Executing VM operation: G1CollectForAllocation
Event: 81.885 Executing VM operation: G1CollectForAllocation done
Event: 82.897 Executing VM operation: Cleanup
Event: 82.917 Executing VM operation: Cleanup done
Event: 83.926 Executing VM operation: Cleanup
Event: 83.946 Executing VM operation: Cleanup done
Event: 84.953 Executing VM operation: Cleanup
Event: 84.953 Executing VM operation: Cleanup done
Event: 85.130 Executing VM operation: HandshakeAllThreads
Event: 85.130 Executing VM operation: HandshakeAllThreads done
Event: 85.131 Executing VM operation: HandshakeAllThreads
Event: 85.131 Executing VM operation: HandshakeAllThreads done
Event: 86.132 Executing VM operation: Cleanup
Event: 86.132 Executing VM operation: Cleanup done
Event: 87.144 Executing VM operation: Cleanup
Event: 87.161 Executing VM operation: Cleanup done
Event: 87.951 Executing VM operation: HandshakeAllThreads
Event: 87.951 Executing VM operation: HandshakeAllThreads done

Events (20 events):
Event: 84.027 loading class java/io/InterruptedIOException
Event: 84.066 loading class java/io/InterruptedIOException done
Event: 84.080 Thread 0x000001d07a0bca60 Thread added: 0x000001d07a0bca60
Event: 84.164 loading class java/util/ArrayDeque$DeqSpliterator
Event: 84.199 loading class java/util/ArrayDeque$DeqSpliterator done
Event: 86.722 Thread 0x000001d07a0c1140 Thread added: 0x000001d07a0c1140
Event: 86.810 Thread 0x000001d07a0bedd0 Thread added: 0x000001d07a0bedd0
Event: 86.889 Thread 0x000001d07a0bfd00 Thread added: 0x000001d07a0bfd00
Event: 87.817 loading class sun/reflect/misc/ReflectUtil
Event: 87.854 loading class sun/reflect/misc/ReflectUtil done
Event: 87.978 loading class java/lang/Class$EnclosingMethodInfo
Event: 88.055 loading class java/lang/Class$EnclosingMethodInfo done
Event: 88.058 loading class sun/reflect/generics/tree/IntSignature
Event: 88.123 loading class sun/reflect/generics/tree/IntSignature done
Event: 88.123 loading class sun/reflect/generics/tree/ArrayTypeSignature
Event: 88.123 loading class sun/reflect/generics/tree/ArrayTypeSignature done
Event: 88.137 loading class java/lang/SafeVarargs
Event: 88.202 loading class java/lang/SafeVarargs done
Event: 88.212 loading class java/util/regex/Pattern$GroupCurly
Event: 88.250 loading class java/util/regex/Pattern$GroupCurly done


Dynamic libraries:
0x00007ff656d00000 - 0x00007ff656d0a000 	C:\Program Files\Android\Android Studio\jbr\bin\java.exe
0x00007fff6fd70000 - 0x00007fff6ff86000 	C:\WINDOWS\SYSTEM32\ntdll.dll
0x00007fff6e310000 - 0x00007fff6e3d4000 	C:\WINDOWS\System32\KERNEL32.DLL
0x00007fff6d090000 - 0x00007fff6d437000 	C:\WINDOWS\System32\KERNELBASE.dll
0x00007fff6d5d0000 - 0x00007fff6d6e1000 	C:\WINDOWS\System32\ucrtbase.dll
0x00007fff3cb60000 - 0x00007fff3cb77000 	C:\Program Files\Android\Android Studio\jbr\bin\jli.dll
0x00007fff258a0000 - 0x00007fff258bb000 	C:\Program Files\Android\Android Studio\jbr\bin\VCRUNTIME140.dll
0x00007fff6e450000 - 0x00007fff6e5fe000 	C:\WINDOWS\System32\USER32.dll
0x00007fff6d830000 - 0x00007fff6d856000 	C:\WINDOWS\System32\win32u.dll
0x00007fff58dd0000 - 0x00007fff59063000 	C:\WINDOWS\WinSxS\amd64_microsoft.windows.common-controls_6595b64144ccf1df_6.0.22621.3235_none_270f74e173860f98\COMCTL32.dll
0x00007fff6f880000 - 0x00007fff6f8a9000 	C:\WINDOWS\System32\GDI32.dll
0x00007fff6d440000 - 0x00007fff6d559000 	C:\WINDOWS\System32\gdi32full.dll
0x00007fff6d890000 - 0x00007fff6d92a000 	C:\WINDOWS\System32\msvcp_win.dll
0x00007fff6f960000 - 0x00007fff6fa07000 	C:\WINDOWS\System32\msvcrt.dll
0x00007fff6f0f0000 - 0x00007fff6f121000 	C:\WINDOWS\System32\IMM32.DLL
0x00007fff5ef80000 - 0x00007fff5ef8c000 	C:\Program Files\Android\Android Studio\jbr\bin\vcruntime140_1.dll
0x00007fff10c90000 - 0x00007fff10d1d000 	C:\Program Files\Android\Android Studio\jbr\bin\msvcp140.dll
0x00007ffee60a0000 - 0x00007ffee6d23000 	C:\Program Files\Android\Android Studio\jbr\bin\server\jvm.dll
0x00007fff6e600000 - 0x00007fff6e6b2000 	C:\WINDOWS\System32\ADVAPI32.dll
0x00007fff6f8b0000 - 0x00007fff6f958000 	C:\WINDOWS\System32\sechost.dll
0x00007fff6d860000 - 0x00007fff6d888000 	C:\WINDOWS\System32\bcrypt.dll
0x00007fff6fbf0000 - 0x00007fff6fd05000 	C:\WINDOWS\System32\RPCRT4.dll
0x00007fff6bf50000 - 0x00007fff6bf9d000 	C:\WINDOWS\SYSTEM32\POWRPROF.dll
0x00007fff471a0000 - 0x00007fff471a9000 	C:\WINDOWS\SYSTEM32\WSOCK32.dll
0x00007fff6e9a0000 - 0x00007fff6ea11000 	C:\WINDOWS\System32\WS2_32.dll
0x00007fff65f60000 - 0x00007fff65f94000 	C:\WINDOWS\SYSTEM32\WINMM.dll
0x00007fff654b0000 - 0x00007fff654ba000 	C:\WINDOWS\SYSTEM32\VERSION.dll
0x00007fff6bf10000 - 0x00007fff6bf23000 	C:\WINDOWS\SYSTEM32\UMPDC.dll
0x00007fff6c1c0000 - 0x00007fff6c1d8000 	C:\WINDOWS\SYSTEM32\kernel.appcore.dll
0x00007fff62cd0000 - 0x00007fff62cda000 	C:\Program Files\Android\Android Studio\jbr\bin\jimage.dll
0x00007fff6ab80000 - 0x00007fff6adb3000 	C:\WINDOWS\SYSTEM32\DBGHELP.DLL
0x00007fff6f130000 - 0x00007fff6f4b8000 	C:\WINDOWS\System32\combase.dll
0x00007fff6ea80000 - 0x00007fff6eb57000 	C:\WINDOWS\System32\OLEAUT32.dll
0x00007fff47ca0000 - 0x00007fff47cd2000 	C:\WINDOWS\SYSTEM32\dbgcore.DLL
0x00007fff6d7b0000 - 0x00007fff6d829000 	C:\WINDOWS\System32\bcryptPrimitives.dll
0x00007fff56690000 - 0x00007fff5669e000 	C:\Program Files\Android\Android Studio\jbr\bin\instrument.dll
0x00007fff565a0000 - 0x00007fff565c5000 	C:\Program Files\Android\Android Studio\jbr\bin\java.dll
0x00007fff5ef60000 - 0x00007fff5ef78000 	C:\Program Files\Android\Android Studio\jbr\bin\zip.dll
0x00007fff6daa0000 - 0x00007fff6e2fc000 	C:\WINDOWS\System32\SHELL32.dll
0x00007fff6b000000 - 0x00007fff6b8f9000 	C:\WINDOWS\SYSTEM32\windows.storage.dll
0x00007fff6aec0000 - 0x00007fff6affe000 	C:\WINDOWS\SYSTEM32\wintypes.dll
0x00007fff6eff0000 - 0x00007fff6f0e3000 	C:\WINDOWS\System32\SHCORE.dll
0x00007fff6ea20000 - 0x00007fff6ea7e000 	C:\WINDOWS\System32\shlwapi.dll
0x00007fff6cfc0000 - 0x00007fff6cfe1000 	C:\WINDOWS\SYSTEM32\profapi.dll
0x00007fff56210000 - 0x00007fff56229000 	C:\Program Files\Android\Android Studio\jbr\bin\net.dll
0x00007fff673c0000 - 0x00007fff674f6000 	C:\WINDOWS\SYSTEM32\WINHTTP.dll
0x00007fff6c630000 - 0x00007fff6c699000 	C:\WINDOWS\system32\mswsock.dll
0x00007fff47550000 - 0x00007fff47566000 	C:\Program Files\Android\Android Studio\jbr\bin\nio.dll
0x00007fff56980000 - 0x00007fff56990000 	C:\Program Files\Android\Android Studio\jbr\bin\verify.dll
0x00007fff3a630000 - 0x00007fff3a657000 	C:\Users\jonat\Desktop\HACKATON\Hackaton\gradle\native\68d5fa5c4cc2d200863cafc0d521ce42e7d3e7ee720ec0a83991735586a16f82\windows-amd64\native-platform.dll
0x00007fff074a0000 - 0x00007fff075e4000 	C:\Users\jonat\Desktop\HACKATON\Hackaton\gradle\native\e376f236ea51e6404a007f0833ffe2c6e607c4080706a723a18a27aeea778392\windows-amd64\native-platform-file-events.dll
0x00007fff5bd70000 - 0x00007fff5bd79000 	C:\Program Files\Android\Android Studio\jbr\bin\management.dll
0x00007fff57cb0000 - 0x00007fff57cbb000 	C:\Program Files\Android\Android Studio\jbr\bin\management_ext.dll
0x00007fff6e300000 - 0x00007fff6e308000 	C:\WINDOWS\System32\PSAPI.DLL
0x00007fff6c890000 - 0x00007fff6c8ab000 	C:\WINDOWS\SYSTEM32\CRYPTSP.dll
0x00007fff6c120000 - 0x00007fff6c155000 	C:\WINDOWS\system32\rsaenh.dll
0x00007fff6c730000 - 0x00007fff6c758000 	C:\WINDOWS\SYSTEM32\USERENV.dll
0x00007fff6c8b0000 - 0x00007fff6c8bc000 	C:\WINDOWS\SYSTEM32\CRYPTBASE.dll
0x00007fff6bbc0000 - 0x00007fff6bbed000 	C:\WINDOWS\SYSTEM32\IPHLPAPI.DLL
0x00007fff6efe0000 - 0x00007fff6efe9000 	C:\WINDOWS\System32\NSI.dll
0x00007fff67590000 - 0x00007fff675a9000 	C:\WINDOWS\SYSTEM32\dhcpcsvc6.DLL
0x00007fff67570000 - 0x00007fff6758f000 	C:\WINDOWS\SYSTEM32\dhcpcsvc.DLL
0x00007fff6bbf0000 - 0x00007fff6bce9000 	C:\WINDOWS\SYSTEM32\DNSAPI.dll
0x00007fff5f6b0000 - 0x00007fff5f6b8000 	C:\WINDOWS\system32\wshunix.dll

dbghelp: loaded successfully - version: 4.0.5 - missing functions: none
symbol engine: initialized successfully - sym options: 0x614 - pdb path: .;C:\Program Files\Android\Android Studio\jbr\bin;C:\WINDOWS\SYSTEM32;C:\WINDOWS\WinSxS\amd64_microsoft.windows.common-controls_6595b64144ccf1df_6.0.22621.3235_none_270f74e173860f98;C:\Program Files\Android\Android Studio\jbr\bin\server;C:\Users\jonat\Desktop\HACKATON\Hackaton\gradle\native\68d5fa5c4cc2d200863cafc0d521ce42e7d3e7ee720ec0a83991735586a16f82\windows-amd64;C:\Users\jonat\Desktop\HACKATON\Hackaton\gradle\native\e376f236ea51e6404a007f0833ffe2c6e607c4080706a723a18a27aeea778392\windows-amd64

VM Arguments:
jvm_args: --add-opens=java.base/java.util=ALL-UNNAMED --add-opens=java.base/java.lang=ALL-UNNAMED --add-opens=java.base/java.lang.invoke=ALL-UNNAMED --add-opens=java.prefs/java.util.prefs=ALL-UNNAMED --add-opens=java.base/java.nio.charset=ALL-UNNAMED --add-opens=java.base/java.net=ALL-UNNAMED --add-opens=java.base/java.util.concurrent.atomic=ALL-UNNAMED -Xmx2048m -Dfile.encoding=UTF-8 -Duser.country=CO -Duser.language=es -Duser.variant -javaagent:C:\Users\jonat\Desktop\HACKATON\Hackaton\gradle\wrapper\dists\gradle-8.2-bin\bbg7u40eoinfdyxsxr3z4i7ta\gradle-8.2\lib\agents\gradle-instrumentation-agent-8.2.jar 
java_command: org.gradle.launcher.daemon.bootstrap.GradleDaemon 8.2
java_class_path (initial): C:\Users\jonat\Desktop\HACKATON\Hackaton\gradle\wrapper\dists\gradle-8.2-bin\bbg7u40eoinfdyxsxr3z4i7ta\gradle-8.2\lib\gradle-launcher-8.2.jar
Launcher Type: SUN_STANDARD

[Global flags]
     intx CICompilerCount                          = 3                                         {product} {ergonomic}
     uint ConcGCThreads                            = 1                                         {product} {ergonomic}
     uint G1ConcRefinementThreads                  = 4                                         {product} {ergonomic}
   size_t G1HeapRegionSize                         = 1048576                                   {product} {ergonomic}
    uintx GCDrainStackTargetSize                   = 64                                        {product} {ergonomic}
   size_t InitialHeapSize                          = 134217728                                 {product} {ergonomic}
   size_t MarkStackSize                            = 4194304                                   {product} {ergonomic}
   size_t MaxHeapSize                              = 2147483648                                {product} {command line}
   size_t MaxNewSize                               = 1287651328                                {product} {ergonomic}
   size_t MinHeapDeltaBytes                        = 1048576                                   {product} {ergonomic}
   size_t MinHeapSize                              = 8388608                                   {product} {ergonomic}
    uintx NonNMethodCodeHeapSize                   = 5832780                                {pd product} {ergonomic}
    uintx NonProfiledCodeHeapSize                  = 122912730                              {pd product} {ergonomic}
    uintx ProfiledCodeHeapSize                     = 122912730                              {pd product} {ergonomic}
    uintx ReservedCodeCacheSize                    = 251658240                              {pd product} {ergonomic}
     bool SegmentedCodeCache                       = true                                      {product} {ergonomic}
   size_t SoftMaxHeapSize                          = 2147483648                             {manageable} {ergonomic}
     bool UseCompressedClassPointers               = true                           {product lp64_product} {ergonomic}
     bool UseCompressedOops                        = true                           {product lp64_product} {ergonomic}
     bool UseG1GC                                  = true                                      {product} {ergonomic}
     bool UseLargePagesIndividualAllocation        = false                                  {pd product} {ergonomic}

Logging:
Log output configuration:
 #0: stdout all=warning uptime,level,tags
 #1: stderr all=off uptime,level,tags

Environment Variables:
PATH=C:\Program Files\Common Files\Oracle\Java\javapath;C:\Program Files (x86)\Common Files\Oracle\Java\javapath;C:\Program Files (x86)\NVIDIA Corporation\PhysX\Common;C:\WINDOWS\system32;C:\WINDOWS;C:\WINDOWS\System32\Wbem;C:\WINDOWS\System32\WindowsPowerShell\v1.0\;C:\WINDOWS\System32\OpenSSH\;C:\Program Files\Microsoft SQL Server\130\Tools\Binn\;C:\Program Files\Microsoft SQL Server\Client SDK\ODBC\110\Tools\Binn\;C:\Program Files (x86)\Microsoft SQL Server\120\Tools\Binn\;C:\Program Files\Microsoft SQL Server\120\Tools\Binn\;C:\Program Files\Microsoft SQL Server\120\DTS\Binn\;C:\Program Files (x86)\Windows Kits\8.1\Windows Performance Toolkit\;C:\MinGW\bin;C:\Program Files\Git\cmd;C:\Program Files\MySQL\MySQL Shell 8.0\bin\;C:\Users\jonat\AppData\Local\Microsoft\WindowsApps;C:\Users\jonat\AppData\Local\Programs\Microsoft VS Code\bin;C:\Users\jonat\AppData\Local\GitHubDesktop\bin;C:\Users\jonat\AppData\Local\Coursier\data\bin
USERNAME=jonat
OS=Windows_NT
PROCESSOR_IDENTIFIER=Intel64 Family 6 Model 142 Stepping 12, GenuineIntel
TMP=C:\Users\jonat\AppData\Local\Temp
TEMP=C:\Users\jonat\AppData\Local\Temp



Periodic native trim disabled

JNI global refs:
JNI global refs: 23, weak refs: 2

JNI global refs memory usage: 843, weak refs: 841

OOME stack traces (most recent first):
Classloader memory used:
